#
# There is insufficient memory for the Java Runtime Environment to continue.
# Native memory allocation (malloc) failed to allocate 1287568 bytes for Chunk::new
# Possible reasons:
#   The system is out of physical RAM or swap space
#   In 32 bit mode, the process size limit was hit
# Possible solutions:
#   Reduce memory load on the system
#   Increase physical memory or swap space
#   Check if swap backing store is full
#   Use 64 bit Java on a 64 bit OS
#   Decrease Java heap size (-Xmx/-Xms)
#   Decrease number of Java threads
#   Decrease Java thread stack sizes (-Xss)
#   Set larger code cache with -XX:ReservedCodeCacheSize=
# This output file may be truncated or incomplete.
#
#  Out of Memory Error (allocation.cpp:390), pid=96704, tid=0x0000000000028708
#
# JRE version: Java(TM) SE Runtime Environment (8.0_191-b12) (build 1.8.0_191-b12)
# Java VM: Java HotSpot(TM) 64-Bit Server VM (25.191-b12 mixed mode windows-amd64 compressed oops)
# Failed to write core dump. Minidumps are not enabled by default on client versions of Windows
#

---------------  T H R E A D  ---------------

Current thread (0x000000001effe000):  JavaThread "C2 CompilerThread2" daemon [_thread_in_native, id=165640, stack(0x000000001fa20000,0x000000001fb20000)]

Stack: [0x000000001fa20000,0x000000001fb20000]
[error occurred during error reporting (printing stack bounds), id 0xc0000005]

Native frames: (J=compiled Java code, j=interpreted, Vv=VM code, C=native code)


Current CompileTask:
C2:  28621 4559       4       org.springframework.core.annotation.AnnotationsScanner::getBaseTypeMethods (145 bytes)


---------------  P R O C E S S  ---------------

Java Threads: ( => current thread )
  0x0000000021069800 JavaThread "HikariPool-1 housekeeper" daemon [_thread_blocked, id=171660, stack(0x0000000025130000,0x0000000025230000)]
  0x0000000020dcb000 JavaThread "mysql-cj-abandoned-connection-cleanup" daemon [_thread_blocked, id=91540, stack(0x0000000021ca0000,0x0000000021da0000)]
  0x000000001f065800 JavaThread "Service Thread" daemon [_thread_blocked, id=66828, stack(0x000000001fc20000,0x000000001fd20000)]
  0x000000001f03b800 JavaThread "C1 CompilerThread3" daemon [_thread_blocked, id=167620, stack(0x000000001fb20000,0x000000001fc20000)]
=>0x000000001effe000 JavaThread "C2 CompilerThread2" daemon [_thread_in_native, id=165640, stack(0x000000001fa20000,0x000000001fb20000)]
  0x000000001efd1800 JavaThread "C2 CompilerThread1" daemon [_thread_in_native, id=172108, stack(0x000000001f920000,0x000000001fa20000)]
  0x000000001efd0800 JavaThread "C2 CompilerThread0" daemon [_thread_in_native, id=29040, stack(0x000000001f820000,0x000000001f920000)]
  0x000000001efce800 JavaThread "Monitor Ctrl-Break" daemon [_thread_in_native, id=171636, stack(0x000000001f720000,0x000000001f820000)]
  0x000000001efb8000 JavaThread "Attach Listener" daemon [_thread_blocked, id=102376, stack(0x000000001f620000,0x000000001f720000)]
  0x000000001ef65000 JavaThread "Signal Dispatcher" daemon [_thread_blocked, id=170752, stack(0x000000001f520000,0x000000001f620000)]
  0x000000001ef41800 JavaThread "Finalizer" daemon [_thread_blocked, id=173072, stack(0x000000001f420000,0x000000001f520000)]
  0x000000001ef40800 JavaThread "Reference Handler" daemon [_thread_blocked, id=125116, stack(0x000000001f320000,0x000000001f420000)]
  0x00000000035f7000 JavaThread "main" [_thread_in_Java, id=3744, stack(0x00000000034f0000,0x00000000035f0000)]

Other Threads:
  0x000000001d129800 VMThread [stack: 0x000000001ee20000,0x000000001ef20000] [id=172892]
  0x000000001f053800 WatcherThread [stack: 0x000000001fd20000,0x000000001fe20000] [id=87996]

VM state:not at safepoint (normal execution)

VM Mutex/Monitor currently owned by a thread: None

Heap:
 PSYoungGen      total 224256K, used 46788K [0x000000076bd80000, 0x000000077ac80000, 0x00000007c0000000)
  eden space 207872K, 15% used [0x000000076bd80000,0x000000076dc24600,0x0000000778880000)
  from space 16384K, 94% used [0x0000000779c80000,0x000000077ab8cd88,0x000000077ac80000)
  to   space 18432K, 0% used [0x0000000778880000,0x0000000778880000,0x0000000779a80000)
 ParOldGen       total 157696K, used 18806K [0x00000006c3800000, 0x00000006cd200000, 0x000000076bd80000)
  object space 157696K, 11% used [0x00000006c3800000,0x00000006c4a5d8d0,0x00000006cd200000)
 Metaspace       used 54049K, capacity 57808K, committed 57896K, reserved 1099776K
  class space    used 7531K, capacity 8158K, committed 8240K, reserved 1048576K

Card table byte_map: [0x0000000012bd0000,0x00000000133c0000] byte_map_base: 0x000000000f5b4000

Marking Bits: (ParMarkBitMap*) 0x0000000066f93e30
 Begin Bits: [0x0000000014110000, 0x0000000018030000)
 End Bits:   [0x0000000018030000, 0x000000001bf50000)

Polling page: 0x0000000001530000

CodeCache: size=245760Kb used=15993Kb max_used=16005Kb free=229766Kb
 bounds [0x0000000003810000, 0x00000000047d0000, 0x0000000012810000]
 total_blobs=4641 nmethods=4113 adapters=440
 compilation: enabled

Compilation events (10 events):
Event: 28.433 Thread 0x000000001f03b800 4691       3       java.lang.invoke.MemberName::asSpecial (89 bytes)
Event: 28.433 Thread 0x000000001f03b800 nmethod 4691 0x0000000004033410 code [0x0000000004033680, 0x00000000040344a8]
Event: 28.441 Thread 0x000000001f03b800 4692   !   3       com.sun.proxy.$Proxy3::annotationType (29 bytes)
Event: 28.441 Thread 0x000000001f03b800 nmethod 4692 0x0000000004032c90 code [0x0000000004032e20, 0x0000000004033258]
Event: 28.444 Thread 0x000000001f03b800 4693   !   3       com.sun.proxy.$Proxy5::annotationType (29 bytes)
Event: 28.444 Thread 0x000000001f03b800 nmethod 4693 0x0000000004032510 code [0x00000000040326a0, 0x0000000004032ad8]
Event: 28.444 Thread 0x000000001f03b800 4694       3       org.springframework.util.Assert::state (17 bytes)
Event: 28.445 Thread 0x000000001f03b800 nmethod 4694 0x0000000004031d50 code [0x0000000004031ee0, 0x0000000004032378]
Event: 28.457 Thread 0x000000001f03b800 4695       3       sun.invoke.util.Wrapper::isDoubleWord (15 bytes)
Event: 28.457 Thread 0x000000001f03b800 nmethod 4695 0x00000000040319d0 code [0x0000000004031b20, 0x0000000004031cd0]

GC Heap History (10 events):
Event: 12.699 GC heap before
{Heap before GC invocations=6 (full 1):
 PSYoungGen      total 106496K, used 106323K [0x000000076bd80000, 0x0000000774b00000, 0x00000007c0000000)
  eden space 102400K, 100% used [0x000000076bd80000,0x0000000772180000,0x0000000772180000)
  from space 4096K, 95% used [0x0000000774700000,0x0000000774ad4cb8,0x0000000774b00000)
  to   space 10752K, 0% used [0x0000000773600000,0x0000000773600000,0x0000000774080000)
 ParOldGen       total 96256K, used 5951K [0x00000006c3800000, 0x00000006c9600000, 0x000000076bd80000)
  object space 96256K, 6% used [0x00000006c3800000,0x00000006c3dcfd60,0x00000006c9600000)
 Metaspace       used 27602K, capacity 29704K, committed 30000K, reserved 1075200K
  class space    used 3666K, capacity 4058K, committed 4144K, reserved 1048576K
Event: 12.716 GC heap after
Heap after GC invocations=6 (full 1):
 PSYoungGen      total 134144K, used 8909K [0x000000076bd80000, 0x0000000776b00000, 0x00000007c0000000)
  eden space 123392K, 0% used [0x000000076bd80000,0x000000076bd80000,0x0000000773600000)
  from space 10752K, 82% used [0x0000000773600000,0x0000000773eb34d0,0x0000000774080000)
  to   space 11264K, 0% used [0x0000000776000000,0x0000000776000000,0x0000000776b00000)
 ParOldGen       total 96256K, used 5959K [0x00000006c3800000, 0x00000006c9600000, 0x000000076bd80000)
  object space 96256K, 6% used [0x00000006c3800000,0x00000006c3dd1d60,0x00000006c9600000)
 Metaspace       used 27602K, capacity 29704K, committed 30000K, reserved 1075200K
  class space    used 3666K, capacity 4058K, committed 4144K, reserved 1048576K
}
Event: 14.985 GC heap before
{Heap before GC invocations=7 (full 1):
 PSYoungGen      total 134144K, used 66129K [0x000000076bd80000, 0x0000000776b00000, 0x00000007c0000000)
  eden space 123392K, 46% used [0x000000076bd80000,0x000000076f560ff0,0x0000000773600000)
  from space 10752K, 82% used [0x0000000773600000,0x0000000773eb34d0,0x0000000774080000)
  to   space 11264K, 0% used [0x0000000776000000,0x0000000776000000,0x0000000776b00000)
 ParOldGen       total 96256K, used 5959K [0x00000006c3800000, 0x00000006c9600000, 0x000000076bd80000)
  object space 96256K, 6% used [0x00000006c3800000,0x00000006c3dd1d60,0x00000006c9600000)
 Metaspace       used 33093K, capacity 35380K, committed 35496K, reserved 1079296K
  class space    used 4361K, capacity 4766K, committed 4784K, reserved 1048576K
Event: 15.000 GC heap after
Heap after GC invocations=7 (full 1):
 PSYoungGen      total 165376K, used 9662K [0x000000076bd80000, 0x0000000778680000, 0x00000007c0000000)
  eden space 154112K, 0% used [0x000000076bd80000,0x000000076bd80000,0x0000000775400000)
  from space 11264K, 85% used [0x0000000776000000,0x000000077696fad0,0x0000000776b00000)
  to   space 12288K, 0% used [0x0000000775400000,0x0000000775400000,0x0000000776000000)
 ParOldGen       total 96256K, used 5967K [0x00000006c3800000, 0x00000006c9600000, 0x000000076bd80000)
  object space 96256K, 6% used [0x00000006c3800000,0x00000006c3dd3d60,0x00000006c9600000)
 Metaspace       used 33093K, capacity 35380K, committed 35496K, reserved 1079296K
  class space    used 4361K, capacity 4766K, committed 4784K, reserved 1048576K
}
Event: 15.000 GC heap before
{Heap before GC invocations=8 (full 2):
 PSYoungGen      total 165376K, used 9662K [0x000000076bd80000, 0x0000000778680000, 0x00000007c0000000)
  eden space 154112K, 0% used [0x000000076bd80000,0x000000076bd80000,0x0000000775400000)
  from space 11264K, 85% used [0x0000000776000000,0x000000077696fad0,0x0000000776b00000)
  to   space 12288K, 0% used [0x0000000775400000,0x0000000775400000,0x0000000776000000)
 ParOldGen       total 96256K, used 5967K [0x00000006c3800000, 0x00000006c9600000, 0x000000076bd80000)
  object space 96256K, 6% used [0x00000006c3800000,0x00000006c3dd3d60,0x00000006c9600000)
 Metaspace       used 33093K, capacity 35380K, committed 35496K, reserved 1079296K
  class space    used 4361K, capacity 4766K, committed 4784K, reserved 1048576K
Event: 15.175 GC heap after
Heap after GC invocations=8 (full 2):
 PSYoungGen      total 165376K, used 0K [0x000000076bd80000, 0x0000000778680000, 0x00000007c0000000)
  eden space 154112K, 0% used [0x000000076bd80000,0x000000076bd80000,0x0000000775400000)
  from space 11264K, 0% used [0x0000000776000000,0x0000000776000000,0x0000000776b00000)
  to   space 12288K, 0% used [0x0000000775400000,0x0000000775400000,0x0000000776000000)
 ParOldGen       total 157696K, used 14187K [0x00000006c3800000, 0x00000006cd200000, 0x000000076bd80000)
  object space 157696K, 8% used [0x00000006c3800000,0x00000006c45dafa8,0x00000006cd200000)
 Metaspace       used 33093K, capacity 35380K, committed 35496K, reserved 1079296K
  class space    used 4361K, capacity 4766K, committed 4784K, reserved 1048576K
}
Event: 21.705 GC heap before
{Heap before GC invocations=9 (full 2):
 PSYoungGen      total 165376K, used 154112K [0x000000076bd80000, 0x0000000778680000, 0x00000007c0000000)
  eden space 154112K, 100% used [0x000000076bd80000,0x0000000775400000,0x0000000775400000)
  from space 11264K, 0% used [0x0000000776000000,0x0000000776000000,0x0000000776b00000)
  to   space 12288K, 0% used [0x0000000775400000,0x0000000775400000,0x0000000776000000)
 ParOldGen       total 157696K, used 14187K [0x00000006c3800000, 0x00000006cd200000, 0x000000076bd80000)
  object space 157696K, 8% used [0x00000006c3800000,0x00000006c45dafa8,0x00000006cd200000)
 Metaspace       used 47663K, capacity 50264K, committed 50728K, reserved 1093632K
  class space    used 6620K, capacity 7090K, committed 7216K, reserved 1048576K
Event: 21.748 GC heap after
Heap after GC invocations=9 (full 2):
 PSYoungGen      total 166400K, used 12256K [0x000000076bd80000, 0x000000077ac80000, 0x00000007c0000000)
  eden space 154112K, 0% used [0x000000076bd80000,0x000000076bd80000,0x0000000775400000)
  from space 12288K, 99% used [0x0000000775400000,0x0000000775ff80a0,0x0000000776000000)
  to   space 16384K, 0% used [0x0000000779c80000,0x0000000779c80000,0x000000077ac80000)
 ParOldGen       total 157696K, used 18798K [0x00000006c3800000, 0x00000006cd200000, 0x000000076bd80000)
  object space 157696K, 11% used [0x00000006c3800000,0x00000006c4a5b8d0,0x00000006cd200000)
 Metaspace       used 47663K, capacity 50264K, committed 50728K, reserved 1093632K
  class space    used 6620K, capacity 7090K, committed 7216K, reserved 1048576K
}
Event: 27.493 GC heap before
{Heap before GC invocations=10 (full 2):
 PSYoungGen      total 166400K, used 166368K [0x000000076bd80000, 0x000000077ac80000, 0x00000007c0000000)
  eden space 154112K, 100% used [0x000000076bd80000,0x0000000775400000,0x0000000775400000)
  from space 12288K, 99% used [0x0000000775400000,0x0000000775ff80a0,0x0000000776000000)
  to   space 16384K, 0% used [0x0000000779c80000,0x0000000779c80000,0x000000077ac80000)
 ParOldGen       total 157696K, used 18798K [0x00000006c3800000, 0x00000006cd200000, 0x000000076bd80000)
  object space 157696K, 11% used [0x00000006c3800000,0x00000006c4a5b8d0,0x00000006cd200000)
 Metaspace       used 53452K, capacity 57070K, committed 57256K, reserved 1097728K
  class space    used 7435K, capacity 8059K, committed 8112K, reserved 1048576K
Event: 27.536 GC heap after
Heap after GC invocations=10 (full 2):
 PSYoungGen      total 224256K, used 15411K [0x000000076bd80000, 0x000000077ac80000, 0x00000007c0000000)
  eden space 207872K, 0% used [0x000000076bd80000,0x000000076bd80000,0x0000000778880000)
  from space 16384K, 94% used [0x0000000779c80000,0x000000077ab8cd88,0x000000077ac80000)
  to   space 18432K, 0% used [0x0000000778880000,0x0000000778880000,0x0000000779a80000)
 ParOldGen       total 157696K, used 18806K [0x00000006c3800000, 0x00000006cd200000, 0x000000076bd80000)
  object space 157696K, 11% used [0x00000006c3800000,0x00000006c4a5d8d0,0x00000006cd200000)
 Metaspace       used 53452K, capacity 57070K, committed 57256K, reserved 1097728K
  class space    used 7435K, capacity 8059K, committed 8112K, reserved 1048576K
}

Deoptimization events (10 events):
Event: 26.425 Thread 0x00000000035f7000 Uncommon trap: reason=unstable_if action=reinterpret pc=0x00000000044c8ba4 method=org.springframework.core.annotation.AnnotationsScanner.isWithoutHierarchy(Ljava/lang/reflect/AnnotatedElement;Lorg/springframework/core/annotation/MergedAnnotations$SearchSt
Event: 26.965 Thread 0x00000000035f7000 Uncommon trap: reason=unstable_if action=reinterpret pc=0x0000000003d99a78 method=java.util.concurrent.ConcurrentHashMap.transfer([Ljava/util/concurrent/ConcurrentHashMap$Node;[Ljava/util/concurrent/ConcurrentHashMap$Node;)V @ 356
Event: 26.968 Thread 0x00000000035f7000 Uncommon trap: reason=unstable_if action=reinterpret pc=0x0000000003d2c48c method=java.util.concurrent.ConcurrentHashMap.transfer([Ljava/util/concurrent/ConcurrentHashMap$Node;[Ljava/util/concurrent/ConcurrentHashMap$Node;)V @ 356
Event: 27.609 Thread 0x00000000035f7000 Uncommon trap: reason=predicate action=maybe_recompile pc=0x000000000465e724 method=org.springframework.boot.context.properties.source.ConfigurationPropertyName.fastElementEquals(Lorg/springframework/boot/context/properties/source/ConfigurationPropertyNam
Event: 27.609 Thread 0x00000000035f7000 Uncommon trap: reason=class_check action=maybe_recompile pc=0x0000000003d4d120 method=org.springframework.boot.context.properties.source.ConfigurationPropertyName$Elements.charAt(II)C @ 43
Event: 27.609 Thread 0x00000000035f7000 Uncommon trap: reason=predicate action=maybe_recompile pc=0x00000000046365c4 method=org.springframework.boot.context.properties.source.ConfigurationPropertyName.fastElementEquals(Lorg/springframework/boot/context/properties/source/ConfigurationPropertyNam
Event: 27.609 Thread 0x00000000035f7000 Uncommon trap: reason=class_check action=maybe_recompile pc=0x0000000003d4d120 method=org.springframework.boot.context.properties.source.ConfigurationPropertyName$Elements.charAt(II)C @ 43
Event: 27.850 Thread 0x00000000035f7000 Uncommon trap: reason=null_check action=make_not_entrant pc=0x0000000004067674 method=org.springframework.util.ClassUtils.isAssignable(Ljava/lang/Class;Ljava/lang/Class;)Z @ 14
Event: 28.250 Thread 0x00000000035f7000 Uncommon trap: reason=unstable_if action=reinterpret pc=0x0000000004779294 method=org.springframework.core.annotation.AnnotationsScanner.processClassInheritedAnnotations(Ljava/lang/Object;Ljava/lang/Class;Lorg/springframework/core/annotation/MergedAnnotat
Event: 28.313 Thread 0x00000000035f7000 Uncommon trap: reason=unstable_if action=reinterpret pc=0x0000000003a3c2d8 method=org.springframework.util.ConcurrentReferenceHashMap$Segment.clear()V @ 7

Classes redefined (0 events):
No events

Internal exceptions (10 events):
Event: 28.218 Thread 0x00000000035f7000 Exception <a 'java/lang/ClassNotFoundException': org/springframework/core/env/EnvironmentCapableCustomizer> (0x000000076d241708) thrown at [C:\re\workspace\8-2-build-windows-amd64-cygwin\jdk8u191\11896\hotspot\src\share\vm\classfile\systemDictionary.cpp, 
Event: 28.221 Thread 0x00000000035f7000 Exception <a 'java/lang/ClassNotFoundException': org/springframework/web/context/ServletContextAwareCustomizer> (0x000000076d25fb18) thrown at [C:\re\workspace\8-2-build-windows-amd64-cygwin\jdk8u191\11896\hotspot\src\share\vm\classfile\systemDictionary.c
Event: 28.222 Thread 0x00000000035f7000 Exception <a 'java/lang/ClassNotFoundException': org/springframework/beans/factory/AwareCustomizer> (0x000000076d279c18) thrown at [C:\re\workspace\8-2-build-windows-amd64-cygwin\jdk8u191\11896\hotspot\src\share\vm\classfile\systemDictionary.cpp, line 210
Event: 28.223 Thread 0x00000000035f7000 Exception <a 'java/lang/ClassNotFoundException': org/springframework/beans/factory/InitializingBeanCustomizer> (0x000000076d2965b8) thrown at [C:\re\workspace\8-2-build-windows-amd64-cygwin\jdk8u191\11896\hotspot\src\share\vm\classfile\systemDictionary.cp
Event: 28.224 Thread 0x00000000035f7000 Exception <a 'java/lang/ClassNotFoundException': org/springframework/beans/factory/DisposableBeanCustomizer> (0x000000076d2b24e8) thrown at [C:\re\workspace\8-2-build-windows-amd64-cygwin\jdk8u191\11896\hotspot\src\share\vm\classfile\systemDictionary.cpp,
Event: 28.229 Thread 0x00000000035f7000 Exception <a 'java/lang/ClassNotFoundException': java/lang/ObjectCustomizer> (0x000000076d2f2638) thrown at [C:\re\workspace\8-2-build-windows-amd64-cygwin\jdk8u191\11896\hotspot\src\share\vm\classfile\systemDictionary.cpp, line 210]
Event: 28.233 Thread 0x00000000035f7000 Exception <a 'java/lang/ClassNotFoundException': org/springframework/web/multipart/support/StandardServletMultipartResolverCustomizer> (0x000000076d319ff0) thrown at [C:\re\workspace\8-2-build-windows-amd64-cygwin\jdk8u191\11896\hotspot\src\share\vm\class
Event: 28.246 Thread 0x00000000035f7000 Exception <a 'java/lang/ClassNotFoundException': org/springframework/web/multipart/MultipartResolverCustomizer> (0x000000076d33bfd0) thrown at [C:\re\workspace\8-2-build-windows-amd64-cygwin\jdk8u191\11896\hotspot\src\share\vm\classfile\systemDictionary.c
Event: 28.386 Thread 0x00000000035f7000 Exception <a 'java/lang/ClassNotFoundException': java/lang/ObjectCustomizer> (0x000000076d62bcb0) thrown at [C:\re\workspace\8-2-build-windows-amd64-cygwin\jdk8u191\11896\hotspot\src\share\vm\classfile\systemDictionary.cpp, line 210]
Event: 28.388 Thread 0x00000000035f7000 Exception <a 'java/lang/ClassNotFoundException': com/erya/springboottest/repository/BookRepositoryTestCustomizer> (0x000000076d64c380) thrown at [C:\re\workspace\8-2-build-windows-amd64-cygwin\jdk8u191\11896\hotspot\src\share\vm\classfile\systemDictionary

Events (10 events):
Event: 28.614 loading class org/mockito/mock/MockName
Event: 28.615 loading class org/mockito/mock/MockName done
Event: 28.615 loading class org/mockito/internal/configuration/plugins/Plugins
Event: 28.615 loading class org/mockito/internal/configuration/plugins/Plugins done
Event: 28.616 loading class org/mockito/plugins/MockitoPlugins
Event: 28.616 loading class org/mockito/plugins/MockitoPlugins done
Event: 28.616 loading class org/mockito/internal/configuration/plugins/PluginRegistry
Event: 28.616 loading class org/mockito/internal/configuration/plugins/PluginRegistry done
Event: 28.617 loading class org/mockito/plugins/PluginSwitch
Event: 28.617 loading class org/mockito/plugins/PluginSwitch done


Dynamic libraries:
0x00007ff6e50b0000 - 0x00007ff6e50e7000 	D:\Program Files\Java\jdk1.8.0_191\bin\java.exe
0x00007ffa48020000 - 0x00007ffa48210000 	C:\Windows\SYSTEM32\ntdll.dll
0x00007ffa46450000 - 0x00007ffa46502000 	C:\Windows\System32\KERNEL32.DLL
0x00007ffa45c70000 - 0x00007ffa45f15000 	C:\Windows\System32\KERNELBASE.dll
0x00007ffa47c90000 - 0x00007ffa47d33000 	C:\Windows\System32\ADVAPI32.dll
0x00007ffa461b0000 - 0x00007ffa4624e000 	C:\Windows\System32\msvcrt.dll
0x00007ffa47190000 - 0x00007ffa47227000 	C:\Windows\System32\sechost.dll
0x00007ffa477a0000 - 0x00007ffa478c0000 	C:\Windows\System32\RPCRT4.dll
0x00007ffa47d40000 - 0x00007ffa47ed4000 	C:\Windows\System32\USER32.dll
0x00007ffa458c0000 - 0x00007ffa458e1000 	C:\Windows\System32\win32u.dll
0x00007ffa463a0000 - 0x00007ffa463c6000 	C:\Windows\System32\GDI32.dll
0x00007ffa459d0000 - 0x00007ffa45b66000 	C:\Windows\System32\gdi32full.dll
0x00007ffa45f20000 - 0x00007ffa45fbe000 	C:\Windows\System32\msvcp_win.dll
0x00007ffa45b70000 - 0x00007ffa45c6a000 	C:\Windows\System32\ucrtbase.dll
0x00007ffa32390000 - 0x00007ffa32614000 	C:\Windows\WinSxS\amd64_microsoft.windows.common-controls_6595b64144ccf1df_6.0.18362.1256_none_9e7e379be45e40e2\COMCTL32.dll
0x00007ffa47460000 - 0x00007ffa47796000 	C:\Windows\System32\combase.dll
0x00007ffa46020000 - 0x00007ffa460a1000 	C:\Windows\System32\bcryptPrimitives.dll
0x00007ffa460d0000 - 0x00007ffa460fe000 	C:\Windows\System32\IMM32.DLL
0x0000000069600000 - 0x00000000696d2000 	D:\Program Files\Java\jdk1.8.0_191\jre\bin\msvcr100.dll
0x0000000066770000 - 0x0000000067014000 	D:\Program Files\Java\jdk1.8.0_191\jre\bin\server\jvm.dll
0x00007ffa47ee0000 - 0x00007ffa47ee8000 	C:\Windows\System32\PSAPI.DLL
0x00007ffa43970000 - 0x00007ffa43979000 	C:\Windows\SYSTEM32\WSOCK32.dll
0x00007ffa46980000 - 0x00007ffa469ef000 	C:\Windows\System32\WS2_32.dll
0x00007ffa3f740000 - 0x00007ffa3f764000 	C:\Windows\SYSTEM32\WINMM.dll
0x00007ffa3f710000 - 0x00007ffa3f73d000 	C:\Windows\SYSTEM32\WINMMBASE.dll
0x00007ffa450e0000 - 0x00007ffa4512a000 	C:\Windows\System32\cfgmgr32.dll
0x00007ffa44aa0000 - 0x00007ffa44aaa000 	C:\Windows\SYSTEM32\VERSION.dll
0x000000006a220000 - 0x000000006a22f000 	D:\Program Files\Java\jdk1.8.0_191\jre\bin\verify.dll
0x0000000069560000 - 0x0000000069589000 	D:\Program Files\Java\jdk1.8.0_191\jre\bin\java.dll
0x0000000068fb0000 - 0x0000000068fd3000 	D:\Program Files\Java\jdk1.8.0_191\jre\bin\instrument.dll
0x0000000069540000 - 0x0000000069556000 	D:\Program Files\Java\jdk1.8.0_191\jre\bin\zip.dll
0x00007ffa469f0000 - 0x00007ffa470d7000 	C:\Windows\System32\SHELL32.dll
0x00007ffa470e0000 - 0x00007ffa47189000 	C:\Windows\System32\shcore.dll
0x00007ffa45130000 - 0x00007ffa458b1000 	C:\Windows\System32\windows.storage.dll
0x00007ffa44ef0000 - 0x00007ffa44f13000 	C:\Windows\System32\profapi.dll
0x00007ffa44f20000 - 0x00007ffa44f6a000 	C:\Windows\System32\powrprof.dll
0x00007ffa44ec0000 - 0x00007ffa44ed0000 	C:\Windows\System32\UMPDC.dll
0x00007ffa47230000 - 0x00007ffa47282000 	C:\Windows\System32\shlwapi.dll
0x00007ffa44ed0000 - 0x00007ffa44ee1000 	C:\Windows\System32\kernel.appcore.dll
0x00007ffa460b0000 - 0x00007ffa460c7000 	C:\Windows\System32\cryptsp.dll
0x00007ffa41120000 - 0x00007ffa4113a000 	D:\Program Files\JetBrains\IntelliJ IDEA 2019.2.4\bin\breakgen64.dll
0x0000000069490000 - 0x00000000694aa000 	D:\Program Files\Java\jdk1.8.0_191\jre\bin\net.dll
0x00007ffa446a0000 - 0x00007ffa44707000 	C:\Windows\system32\mswsock.dll
0x0000000068d20000 - 0x0000000068d31000 	D:\Program Files\Java\jdk1.8.0_191\jre\bin\nio.dll
0x000000006a210000 - 0x000000006a21d000 	D:\Program Files\Java\jdk1.8.0_191\jre\bin\management.dll
0x00007ffa25e20000 - 0x00007ffa25e36000 	C:\Windows\system32\napinsp.dll
0x00007ffa25e00000 - 0x00007ffa25e1a000 	C:\Windows\system32\pnrpnsp.dll
0x00007ffa44400000 - 0x00007ffa444cb000 	C:\Windows\SYSTEM32\DNSAPI.dll
0x00007ffa47450000 - 0x00007ffa47458000 	C:\Windows\System32\NSI.dll
0x00007ffa443b0000 - 0x00007ffa443ea000 	C:\Windows\SYSTEM32\IPHLPAPI.DLL
0x00007ffa25df0000 - 0x00007ffa25dfe000 	C:\Windows\System32\winrnr.dll
0x00007ffa3db10000 - 0x00007ffa3db2c000 	C:\Windows\system32\NLAapi.dll
0x00007ffa25dd0000 - 0x00007ffa25de5000 	C:\Windows\system32\wshbth.dll
0x00007ffa39670000 - 0x00007ffa3967a000 	C:\Windows\System32\rasadhlp.dll
0x00007ffa39590000 - 0x00007ffa39607000 	C:\Windows\System32\fwpuclnt.dll
0x00007ffa459a0000 - 0x00007ffa459c6000 	C:\Windows\System32\bcrypt.dll
0x0000000068d40000 - 0x0000000068d64000 	D:\Program Files\Java\jdk1.8.0_191\jre\bin\sunec.dll
0x00007ffa39410000 - 0x00007ffa39426000 	C:\Windows\SYSTEM32\dhcpcsvc6.DLL
0x00007ffa393f0000 - 0x00007ffa3940c000 	C:\Windows\SYSTEM32\dhcpcsvc.DLL
0x00007ffa44210000 - 0x00007ffa44243000 	C:\Windows\system32\rsaenh.dll
0x00007ffa44de0000 - 0x00007ffa44e05000 	C:\Windows\SYSTEM32\USERENV.dll
0x00007ffa44870000 - 0x00007ffa4487c000 	C:\Windows\SYSTEM32\CRYPTBASE.dll
0x0000000067de0000 - 0x0000000067deb000 	D:\Program Files\Java\jdk1.8.0_191\jre\bin\sunmscapi.dll
0x00007ffa44f90000 - 0x00007ffa450d9000 	C:\Windows\System32\CRYPT32.dll
0x00007ffa44f70000 - 0x00007ffa44f82000 	C:\Windows\System32\MSASN1.dll

VM Arguments:
jvm_args: -ea -Didea.test.cyclic.buffer.size=1048576 -javaagent:D:\Program Files\JetBrains\IntelliJ IDEA 2019.2.4\lib\idea_rt.jar=65465:D:\Program Files\JetBrains\IntelliJ IDEA 2019.2.4\bin -Dfile.encoding=UTF-8 
java_command: com.intellij.rt.execution.junit.JUnitStarter -ideVersion5 -junit5 com.erya.springboottest.repository.BookRepositoryTest,findAll
java_class_path (initial): D:\Program Files\JetBrains\IntelliJ IDEA 2019.2.4\lib\idea_rt.jar;D:\Program Files\JetBrains\IntelliJ IDEA 2019.2.4\plugins\junit\lib\junit-rt.jar;D:\Program Files\JetBrains\IntelliJ IDEA 2019.2.4\plugins\junit\lib\junit5-rt.jar;C:\Users\24247\.m2\repository\org\junit\platform\junit-platform-launcher\1.7.1\junit-platform-launcher-1.7.1.jar;C:\Users\24247\.m2\repository\org\apiguardian\apiguardian-api\1.1.0\apiguardian-api-1.1.0.jar;C:\Users\24247\.m2\repository\org\junit\platform\junit-platform-engine\1.7.1\junit-platform-engine-1.7.1.jar;C:\Users\24247\.m2\repository\org\opentest4j\opentest4j\1.2.0\opentest4j-1.2.0.jar;C:\Users\24247\.m2\repository\org\junit\platform\junit-platform-commons\1.7.1\junit-platform-commons-1.7.1.jar;D:\Program Files\Java\jdk1.8.0_191\jre\lib\charsets.jar;D:\Program Files\Java\jdk1.8.0_191\jre\lib\deploy.jar;D:\Program Files\Java\jdk1.8.0_191\jre\lib\ext\access-bridge-64.jar;D:\Program Files\Java\jdk1.8.0_191\jre\lib\ext\cldrdata.jar;D:\Program Files\Java\jdk1.8.0_191\jre\lib\ext\dnsns.jar;D:\Program Files\Java\jdk1.8.0_191\jre\lib\ext\jaccess.jar;D:\Program Files\Java\jdk1.8.0_191\jre\lib\ext\jfxrt.jar;D:\Program Files\Java\jdk1.8.0_191\jre\lib\ext\localedata.jar;D:\Program Files\Java\jdk1.8.0_191\jre\lib\ext\nashorn.jar;D:\Program Files\Java\jdk1.8.0_191\jre\lib\ext\sunec.jar;D:\Program Files\Java\jdk1.8.0_191\jre\lib\ext\sunjce_provider.jar;D:\Program Files\Java\jdk1.8.0_191\jre\lib\ext\sunmscapi.jar;D:\Program Files\Java\jdk1.8.0_191\jre\lib\ext\sunpkcs11.jar;D:\Program Files\Java\jdk1.8.0_191\jre\lib\ext\zipfs.jar;D:\Program Files\Java\jdk1.8.0_191\jre\lib\javaws.jar;D:\Program Files\Java\jdk1.8.0_191\jre\lib\jce.jar;D:\Program Files\Java\jdk1.8.0_191\jre\lib\jfr.jar;D:\Program Files\Java\jdk1.8.0_191\jre\lib\jfxswt.jar;D:\Program Files\Java\jdk1.8.0_191\jre\lib\jsse.jar;D:\Program Files\Java\jdk1.8.0_191\jre\lib\management-agent.jar;D:\Program Files\Java\jdk1.8.0_191\jre\lib\plugin.jar;D:\Program Files\
Launcher Type: SUN_STANDARD

Environment Variables:
JAVA_HOME=D:\Program Files\Java\jdk1.8.0_191
CLASSPATH=.;D:\Program Files\Java\jdk1.8.0_191\bin;D:\Program Files\Java\jdk1.8.0_191\lib\dt.jar;D:\Program Files\Java\jdk1.8.0_191\lib\tools.jar
PATH=C:\Program Files (x86)\Common Files\Oracle\Java\javapath;C:\Windows\system32;C:\Windows;C:\Windows\System32\Wbem;C:\Windows\System32\WindowsPowerShell\v1.0\;C:\Windows\System32\OpenSSH\;C:\Program Files (x86)\NVIDIA Corporation\PhysX\Common;C:\Program Files\NVIDIA Corporation\NVIDIA NvDLISR;"D:\Program Files\Java\jdk1.8.0_191\bin;D:\Program Files\Java\jdk1.8.0_191\jre\bin;";D:\Program Files\MySQL\MySQL Server 5.7\bin;D:\Program Files\nodejs\;D:\Program Files (x86)\Yarn\bin\;D:\Program Files\Apache Software Foundation\Tomcat 8.5\bin;D:\SoftWare\Dev\maven\apache-maven-3.5.4\bin;D:\SoftWare\Dev\redis\redis64-3.0.501;D:\Program Files (x86)\GitExtensions\;D:\Program Files\Git\cmd;D:\Program Files\Microsoft VS Code\bin;C:\Users\24247\AppData\Local\Microsoft\WindowsApps;D:\Program Files\nodejs\node_global;C:\Users\24247\AppData\Local\Yarn\bin;D:\Program Files\JetBrains\IntelliJ IDEA 2019.2.4\bin;
USERNAME=24247
OS=Windows_NT
PROCESSOR_IDENTIFIER=Intel64 Family 6 Model 126 Stepping 5, GenuineIntel



---------------  S Y S T E M  ---------------

OS: Windows 10.0 , 64 bit Build 18362 (10.0.18362.1110)

CPU:total 8 (initial active 8) (4 cores per cpu, 2 threads per core) family 6 model 126 stepping 5, cmov, cx8, fxsr, mmx, sse, sse2, sse3, ssse3, sse4.1, sse4.2, popcnt, avx, avx2, aes, clmul, erms, 3dnowpref, lzcnt, ht, tsc, tscinvbit, bmi1, bmi2, adx

Memory: 4k page, physical 16540600k(2087576k free), swap 29647796k(4408k free)

vm_info: Java HotSpot(TM) 64-Bit Server VM (25.191-b12) for windows-amd64 JRE (1.8.0_191-b12), built on Oct  6 2018 09:29:03 by "java_re" with MS VC++ 10.0 (VS2010)

time: Sat Feb 20 16:35:29 2021
elapsed time: 28 seconds (0d 0h 0m 28s)

